2021-01-09 05:04:25.547  INFO 21664 --- [restartedMain] pt.ufp.info.esof.sgp.SgpApplication      : Starting SgpApplication on DESKTOP-51QB0RU with PID 21664 (C:\Users\rucao\OneDrive\Ambiente de Trabalho\Faculdade\Engenharia Software\Projeto\Projeto\SGP-WebService\Projeto\target\classes started by rucao in C:\Users\rucao\OneDrive\Ambiente de Trabalho\Faculdade\Engenharia Software\Projeto\Projeto\SGP-WebService\Projeto)
2021-01-09 05:04:25.565  INFO 21664 --- [restartedMain] pt.ufp.info.esof.sgp.SgpApplication      : No active profile set, falling back to default profiles: default
2021-01-09 05:04:31.679  INFO 21664 --- [restartedMain] pt.ufp.info.esof.sgp.SgpApplication      : Started SgpApplication in 7.611 seconds (JVM running for 10.526)
2021-01-09 21:10:36.001  INFO 1976 --- [restartedMain] pt.ufp.info.esof.sgp.SgpApplication      : Starting SgpApplication on DESKTOP-51QB0RU with PID 1976 (C:\Users\rucao\OneDrive\Ambiente de Trabalho\Faculdade\Engenharia Software\Projeto\Projeto\SGP-WebService\Projeto\target\classes started by rucao in C:\Users\rucao\OneDrive\Ambiente de Trabalho\Faculdade\Engenharia Software\Projeto\Projeto\SGP-WebService\Projeto)
2021-01-09 21:10:36.007  INFO 1976 --- [restartedMain] pt.ufp.info.esof.sgp.SgpApplication      : No active profile set, falling back to default profiles: default
2021-01-09 21:10:41.124  INFO 1976 --- [restartedMain] pt.ufp.info.esof.sgp.SgpApplication      : Started SgpApplication in 5.678 seconds (JVM running for 7.43)
2021-01-10 18:18:42.481  INFO 1509582 --- [restartedMain] pt.ufp.info.esof.sgp.SgpApplication      : Starting SgpApplication on pedro with PID 1509582 (/home/pedro/Desktop/SGP-WebService/Projeto/target/classes started by pedro in /home/pedro/Desktop/SGP-WebService/Projeto)
2021-01-10 18:18:42.483  INFO 1509582 --- [restartedMain] pt.ufp.info.esof.sgp.SgpApplication      : No active profile set, falling back to default profiles: default
2021-01-10 18:18:44.086  INFO 1509582 --- [restartedMain] pt.ufp.info.esof.sgp.SgpApplication      : Started SgpApplication in 1.815 seconds (JVM running for 2.169)
2021-01-10 18:18:52.689  INFO 1510576 --- [main] p.u.i.e.s.r.TarefaRepositoryTest         : Starting TarefaRepositoryTest on pedro with PID 1510576 (started by pedro in /home/pedro/Desktop/SGP-WebService/Projeto)
2021-01-10 18:18:52.695  INFO 1510576 --- [main] p.u.i.e.s.r.TarefaRepositoryTest         : No active profile set, falling back to default profiles: default
2021-01-10 18:18:54.814  INFO 1510576 --- [main] p.u.i.e.s.r.TarefaRepositoryTest         : Started TarefaRepositoryTest in 2.538 seconds (JVM running for 3.602)
2021-01-10 18:18:55.378  INFO 1510576 --- [main] p.u.i.e.s.s.EmpregadoServiceImplTest     : Starting EmpregadoServiceImplTest on pedro with PID 1510576 (started by pedro in /home/pedro/Desktop/SGP-WebService/Projeto)
2021-01-10 18:18:55.379  INFO 1510576 --- [main] p.u.i.e.s.s.EmpregadoServiceImplTest     : No active profile set, falling back to default profiles: default
2021-01-10 18:18:55.457  INFO 1510576 --- [main] p.u.i.e.s.s.EmpregadoServiceImplTest     : Started EmpregadoServiceImplTest in 0.105 seconds (JVM running for 4.246)
2021-01-10 18:18:55.572  INFO 1510576 --- [main] p.u.i.e.s.c.TarefaControllerTest         : Starting TarefaControllerTest on pedro with PID 1510576 (started by pedro in /home/pedro/Desktop/SGP-WebService/Projeto)
2021-01-10 18:18:55.573  INFO 1510576 --- [main] p.u.i.e.s.c.TarefaControllerTest         : No active profile set, falling back to default profiles: default
2021-01-10 18:18:56.218  INFO 1510576 --- [main] p.u.i.e.s.c.TarefaControllerTest         : Started TarefaControllerTest in 0.662 seconds (JVM running for 5.007)
2021-01-10 18:18:56.432  INFO 1510576 --- [main] p.u.i.e.s.c.ProjetoControllerTest        : Starting ProjetoControllerTest on pedro with PID 1510576 (started by pedro in /home/pedro/Desktop/SGP-WebService/Projeto)
2021-01-10 18:18:56.434  INFO 1510576 --- [main] p.u.i.e.s.c.ProjetoControllerTest        : No active profile set, falling back to default profiles: default
2021-01-10 18:18:56.693  INFO 1510576 --- [main] p.u.i.e.s.c.ProjetoControllerTest        : Started ProjetoControllerTest in 0.274 seconds (JVM running for 5.481)
2021-01-10 18:18:56.773  INFO 1510576 --- [main] p.u.i.e.s.s.TarefaServiceImplTest        : Starting TarefaServiceImplTest on pedro with PID 1510576 (started by pedro in /home/pedro/Desktop/SGP-WebService/Projeto)
2021-01-10 18:18:56.774  INFO 1510576 --- [main] p.u.i.e.s.s.TarefaServiceImplTest        : No active profile set, falling back to default profiles: default
2021-01-10 18:18:56.799  INFO 1510576 --- [main] p.u.i.e.s.s.TarefaServiceImplTest        : Started TarefaServiceImplTest in 0.037 seconds (JVM running for 5.587)
2021-01-10 18:18:56.836  INFO 1510576 --- [main] p.u.i.e.s.s.ProjetoServiceImplTest       : Starting ProjetoServiceImplTest on pedro with PID 1510576 (started by pedro in /home/pedro/Desktop/SGP-WebService/Projeto)
2021-01-10 18:18:56.837  INFO 1510576 --- [main] p.u.i.e.s.s.ProjetoServiceImplTest       : No active profile set, falling back to default profiles: default
2021-01-10 18:18:56.883  INFO 1510576 --- [main] p.u.i.e.s.s.ProjetoServiceImplTest       : Started ProjetoServiceImplTest in 0.059 seconds (JVM running for 5.672)
2021-01-10 18:18:56.940  INFO 1510576 --- [main] p.u.i.e.s.c.EmpregadoControllerTest      : Starting EmpregadoControllerTest on pedro with PID 1510576 (started by pedro in /home/pedro/Desktop/SGP-WebService/Projeto)
2021-01-10 18:18:56.941  INFO 1510576 --- [main] p.u.i.e.s.c.EmpregadoControllerTest      : No active profile set, falling back to default profiles: default
2021-01-10 18:18:57.192  INFO 1510576 --- [main] p.u.i.e.s.c.EmpregadoControllerTest      : Started EmpregadoControllerTest in 0.265 seconds (JVM running for 5.981)
